<?xml version="1.0" encoding="UTF-8" ?>
<testsuite tests="3" failures="0" name="step_definitions.RunCukesTest" time="0.017" errors="2" skipped="1">
  <properties>
[...]
</properties>
  <testcase classname="| Search |" name="Given I want to grab &quot;Search&quot; test cases" time="0.005">
    <error type="java.lang.NullPointerException">java.lang.NullPointerException
	at step_definitions.KeywordFramework.main(KeywordFramework.java:25)
	at step_definitions.CommonStepDefinitions.i_want_to_grab_list_of_test_cases(CommonStepDefinitions.java:14)
	at ✽.Given I want to grab &quot;Search&quot; test cases(cucumber/features/KeywordDrivenTest.feature:24)
</error>
    <system-out>#Author: your.email@your.domain.com
#Keywords Summary :
#Feature: List of scenarios.
#Scenario: Business rule through list of steps with arguments.
#Given: Some precondition step
#When: Some key actions
#Then: To observe outcomes or validation
#And,But: To enumerate more Given,When,Then steps
#Scenario Outline: List of steps for data-driven as an Examples and &lt;placeholder&gt;
#Examples: Container for s table
#Background: List of steps run before each of the scenarios
#&quot;&quot;&quot; (Doc Strings)
#| (Data Tables)
#@ (Tags/Labels):To group Scenarios
#&lt;&gt; (placeholder)
#&quot;&quot;
## (Comments)
#Sample Feature Definition Template
@tag
Feature: Keyword Driven Approach

  @tag1
  Scenario Outline: Smoke Test                    &amp;#27;[90m# cucumber/features/KeywordDrivenTest.feature:23&amp;#27;[0m
    &amp;#27;[36mGiven &amp;#27;[0m&amp;#27;[36mI want to grab &quot;&lt;SheetName&gt;&quot; test cases&amp;#27;[0m
    &amp;#27;[36mThen &amp;#27;[0m&amp;#27;[36mI validate the outcomes&amp;#27;[0m

    Examples: 
Step 1.0 Step Name: Open Firefox and go to URL
URL IS AS FOLLOWS!!! https://cintas-stage.willin.gs
Step 2.0 Step Name: Click Contact Us
Step 3.0 Step Name: Clear First Name
Step 4.0 Step Name: Clear Last Name
Step 5.0 Step Name: Clear Company
Step 6.0 Step Name: Insert Comment
Step 7.0 Step Name: Insert Address
Step 8.0 Step Name: Insert Postal Code
Step 9.0 Step Name: Insert Phone Number
Step 10.0 Step Name: Insert Email Address
Step 11.0 Step Name: Select Uniform &amp; Apparel Checkbox
Step 12.0 Step Name: Insert First Name
Step 13.0 Step Name: Insert Last Name
Step 14.0 Step Name: Insert Company
Step 15.0 Step Name: Insert Comment
Step 16.0 Step Name: Insert Address
Step 17.0 Step Name: Insert Postal Code
Step 18.0 Step Name: Insert Phone Number
Step 19.0 Step Name: Insert Email Address
Step 20.0 Step Name: Submit Contact Form
Step 21.0 Step Name: Submit Anyway
Step 22.0 Step Name: Verify Text
Test Case: Contact Us Try Again
Step  Step Name: 
Step 1.0 Step Name: Open Firefox and go to URL
URL IS AS FOLLOWS!!! https://cintas-stage.willin.gs
Step 2.0 Step Name: Click Contact Us
Step 3.0 Step Name: Clear First Name
Step 4.0 Step Name: Clear Last Name
Step 5.0 Step Name: Clear Company
Step 6.0 Step Name: Insert Comment
Step 7.0 Step Name: Insert Address
Step 8.0 Step Name: Insert Postal Code
Step 9.0 Step Name: Insert Phone Number
Step 10.0 Step Name: Insert Email Address
Step 11.0 Step Name: Select Uniform &amp; Apparel Checkbox
Step 12.0 Step Name: Insert First Name
Step 13.0 Step Name: Insert Last Name
Step 14.0 Step Name: Insert Company
Step 15.0 Step Name: Insert Comment
Step 16.0 Step Name: Insert Address
Step 17.0 Step Name: Insert Postal Code
Step 18.0 Step Name: Insert Phone Number
Step 19.0 Step Name: Insert Email Address
Step 20.0 Step Name: Submit Contact Form
Step 21.0 Step Name: Submit Anyway
Step 22.0 Step Name: Insert Address
Step 23.0 Step Name: Insert Postal Code
Step 24.0 Step Name: Insert Address
Step 25.0 Step Name: Insert Postal Code
Step 26.0 Step Name: Submit Google Address
Step 27.0 Step Name: Verify Text
Step 1.0 Step Name: Open Firefox and go to URL
URL IS AS FOLLOWS!!! https://cintas-stage.willin.gs
Step 2.0 Step Name: Resize Window Mobile
Step 3.0 Step Name: Click Mobile Menu
Step 4.0 Step Name: Verify Contact Us
Step 5.0 Step Name: Verify Find Location
Step 6.0 Step Name: Verify Service Grid
Step 7.0 Step Name: Verify Home Grid
Step 1.0 Step Name: Open Firefox and go to US Cintas
URL IS AS FOLLOWS!!! http://www.cintas.com
Step 2.0 Step Name: Verify URL
Made it past assert statement for SSL VERIFICATION
Test Case: Verify SSL CA
Step  Step Name: 
Step 1.0 Step Name: Open Firefox and go to CA Cintas
URL IS AS FOLLOWS!!! http://www.cintas.ca
Step 2.0 Step Name: Verify URL
Made it past assert statement for SSL VERIFICATION
Test Case: Verify SSL CA/FR
Step  Step Name: 
Step 1.0 Step Name: Open Firefox and go to French CA Cintas
URL IS AS FOLLOWS!!! http://www.cintas.ca/fr
Step 2.0 Step Name: Verify URL
Made it past assert statement for SSL VERIFICATION
Step  Step Name: 
Step 1.0 Step Name: Navigate to Cintas Staging Environment
URL IS AS FOLLOWS!!! https://cintas-stage.willin.gs
Step 2.0 Step Name: Navigate to Find A Location
Step 3.0 Step Name: Enter valid US Location
Step 4.0 Step Name: Validate Location Finder Container Displays
Step 5.0 Step Name: Select Filter Header
Step 6.0 Step Name: Veriy Services Filter Displayed
Test Case: Location Finder CA
Step  Step Name: 
Step 7.0 Step Name: Navigate to Cintas Staging Environment
URL IS AS FOLLOWS!!! https://cintas-stage-ca.willin.gs
Step 8.0 Step Name: Navigate to Find A Location
Step 9.0 Step Name: Enter valid US Location
Step 10.0 Step Name: Validate Location Finder Container Displays
Step 11.0 Step Name: Select Filter Header
Step 12.0 Step Name: Veriy Services Filter Displayed
Test Case: Location Finder CA/FR
Step  Step Name: 
Step 13.0 Step Name: Navigate to Cintas Staging Environment
URL IS AS FOLLOWS!!! https://cintas-stage-ca.willin.gs/fr
Step 14.0 Step Name: Verify French Location Navigation Matches expected
Step 15.0 Step Name: Navigate to Location Finder
Step 16.0 Step Name: Verify French Zip Search Container
Step 17.0 Step Name: Enter valid CA Location
Step 18.0 Step Name: Validate Location Finder Container Displays
Step 19.0 Step Name: Select Filter Header
Step 20.0 Step Name: Verify Filter Options Displayed
Step 21.0 Step Name: Navigate to Cintas Staging Environment
URL IS AS FOLLOWS!!! https://cintas-stage-ca.willin.gs/fr
Step 22.0 Step Name: Verify French Location Navigation Matches expected
Test Case: Location Finder Invalid CA
Step  Step Name: 
Step 23.0 Step Name: Navigate to Location Finder
Step 24.0 Step Name: Verify French Zip Search Container
Step 25.0 Step Name: Enter an Invalid CA Location
Step 27.0 Step Name: Select Filter Header
Step 28.0 Step Name: Verify Filter Options Displayed
Step 1.0 Step Name: Navigate to Cintas Staging Environment
URL IS AS FOLLOWS!!! https://cintas-stage.willin.gs
Step 2.0 Step Name: Search
Step 3.0 Step Name: Verify Search Results Available
Test Case: CA Search
Step  Step Name: 
Step 1.0 Step Name: Navigate to Cintas Staging Environment
URL IS AS FOLLOWS!!! https://cintas-stage-ca.willin.gs
Step 2.0 Step Name: Search
Step 3.0 Step Name: Verify Search Results Available
Test Case: CA/FR Search
Step  Step Name: 
Step 1.0 Step Name: Navigate to Cintas Staging Environment
URL IS AS FOLLOWS!!! https://cintas-stage-ca.willin.gs/fr
Step 2.0 Step Name: Search
Step 3.0 Step Name: Verify Search Results Available
Test Case: Invalid Search
Step  Step Name: null
</system-out>
    <system-err>1529432284664	geckodriver	INFO	geckodriver 0.19.1
1529432284736	geckodriver	INFO	Listening on 127.0.0.1:16728
1529432285276	mozrunner::runner	INFO	Running command: &quot;/Applications/Firefox.app/Contents/MacOS/firefox-bin&quot; &quot;-marionette&quot; &quot;-profile&quot; &quot;/var/folders/gx/2wmwc6lj4jz2ytxtyvhphfgr0000gq/T/rust_mozprofile.bTwducMceist&quot;
2018-06-19 14:18:06.508 plugin-container[20220:834854] *** CFMessagePort: bootstrap_register(): failed 1100 (0x44c) &apos;Permission denied&apos;, port = 0x7103, name = &apos;com.apple.tsm.portname&apos;
See /usr/include/servers/bootstrap_defs.h for the error codes.
1529432286960	Marionette	INFO	Listening on port 58536
1529432287244	Marionette	WARN	TLS certificate errors will be ignored for this session
Jun 19, 2018 2:18:07 PM org.openqa.selenium.remote.ProtocolHandshake createSession
INFO: Detected dialect: W3C
2018-06-19 14:18:07.431 plugin-container[20221:834940] *** CFMessagePort: bootstrap_register(): failed 1100 (0x44c) &apos;Permission denied&apos;, port = 0x8403, name = &apos;com.apple.tsm.portname&apos;
See /usr/include/servers/bootstrap_defs.h for the error codes.
Unable to get IOVARendererSubID
</system-err>
  </testcase>
  <testcase classname="| Search |" name="| Search |" time="0.006">
    <error type="java.lang.NullPointerException">java.lang.NullPointerException
	at step_definitions.KeywordFramework.main(KeywordFramework.java:25)
	at step_definitions.CommonStepDefinitions.i_want_to_grab_list_of_test_cases(CommonStepDefinitions.java:14)
	at ✽.Given I want to grab &quot;Search&quot; test cases(cucumber/features/KeywordDrivenTest.feature:24)
</error>
  </testcase>
  <testcase classname="| Search |" name="Then I validate the outcomes" time="0.006">
    <skipped/>
  </testcase>
</testsuite>